#======================================================
#
# Synopsys Synthesis Scripts (Design Vision dctcl mode)
#
#======================================================
#======================================================
# (A) Global Parameters
#======================================================
set DESIGN "CC"
CC
set CYCLE 12
12
set INPUT_DLY [expr 0.5*$CYCLE]
6.0
set OUTPUT_DLY [expr 0.5*$CYCLE]
6.0
#======================================================
# (B) Read RTL Code
#======================================================
# (B-1) analyze + elaborate
set hdlin_auto_save_templates TRUE
TRUE
analyze -f sverilog $DESIGN\.v 
Running PRESTO HDLC
Compiling source file ../01_RTL/CC.v
Presto compilation completed successfully.
Loading db file '/RAID2/COURSE/BackUp/2023_Spring/iclab/iclabta01/umc018/Synthesis/slow.db'
Loading db file '/usr/cad/synopsys/synthesis/cur/libraries/syn/dw_foundation.sldb'
Loading db file '/usr/cad/synopsys/synthesis/cur/libraries/syn/standard.sldb'
1
elaborate $DESIGN  
Loading db file '/usr/cad/synopsys/synthesis/2022.03/libraries/syn/gtech.db'
Loading db file '/usr/cad/synopsys/synthesis/2022.03/libraries/syn/standard.sldb'
  Loading link library 'slow'
  Loading link library 'gtech'
Running PRESTO HDLC
Warning:  ../01_RTL/CC.v:162: unsigned to signed assignment occurs. (VER-318)
Warning:  ../01_RTL/CC.v:163: unsigned to signed assignment occurs. (VER-318)
Warning:  ../01_RTL/CC.v:172: unsigned to signed assignment occurs. (VER-318)
Warning:  ../01_RTL/CC.v:173: unsigned to signed assignment occurs. (VER-318)
Warning:  ../01_RTL/CC.v:176: unsigned to signed assignment occurs. (VER-318)
Warning:  ../01_RTL/CC.v:177: unsigned to signed assignment occurs. (VER-318)
Warning:  ../01_RTL/CC.v:180: unsigned to signed assignment occurs. (VER-318)
Warning:  ../01_RTL/CC.v:181: unsigned to signed assignment occurs. (VER-318)
Warning:  ../01_RTL/CC.v:432: signed to unsigned assignment occurs. (VER-318)
Warning:  ../01_RTL/CC.v:441: unsigned to signed assignment occurs. (VER-318)
Warning:  ../01_RTL/CC.v:454: signed to unsigned part selection occurs. (VER-318)
Warning:  ../01_RTL/CC.v:455: signed to unsigned part selection occurs. (VER-318)
Warning:  ../01_RTL/CC.v:458: unsigned to signed assignment occurs. (VER-318)
Warning:  ../01_RTL/CC.v:760: signed to unsigned part selection occurs. (VER-318)
Warning:  ../01_RTL/CC.v:761: signed to unsigned part selection occurs. (VER-318)
Warning:  ../01_RTL/CC.v:276: DEFAULT branch of CASE statement cannot be reached. (ELAB-311)

Statistics for case statements in always block at line 108 in file
        '../01_RTL/CC.v'
===============================================
|           Line           |  full/ parallel  |
===============================================
|           109            |    auto/auto     |
===============================================

Statistics for case statements in always block at line 128 in file
        '../01_RTL/CC.v'
===============================================
|           Line           |  full/ parallel  |
===============================================
|           129            |    auto/auto     |
===============================================

Statistics for case statements in always block at line 143 in file
        '../01_RTL/CC.v'
===============================================
|           Line           |  full/ parallel  |
===============================================
|           144            |    auto/auto     |
===============================================

Statistics for case statements in always block at line 152 in file
        '../01_RTL/CC.v'
===============================================
|           Line           |  full/ parallel  |
===============================================
|           159            |    auto/auto     |
|           170            |    auto/auto     |
===============================================

Statistics for case statements in always block at line 220 in file
        '../01_RTL/CC.v'
===============================================
|           Line           |  full/ parallel  |
===============================================
|           240            |    auto/auto     |
|           242            |    auto/auto     |
|           274            |    auto/auto     |
|           276            |    auto/auto     |
|           334            |    auto/auto     |
|           386            |    auto/auto     |
|           409            |    auto/auto     |
|           411            |    auto/auto     |
|           434            |    auto/auto     |
|           439            |    auto/auto     |
|           452            |    auto/auto     |
===============================================

Statistics for case statements in always block at line 672 in file
        '../01_RTL/CC.v'
===============================================
|           Line           |  full/ parallel  |
===============================================
|           673            |    auto/auto     |
===============================================

Statistics for case statements in always block at line 698 in file
        '../01_RTL/CC.v'
===============================================
|           Line           |  full/ parallel  |
===============================================
|           704            |    auto/auto     |
===============================================

Inferred memory devices in process
        in routine CC line 93 in file
                '../01_RTL/CC.v'.
===============================================================================
|    Register Name    |   Type    | Width | Bus | MB | AR | AS | SR | SS | ST |
===============================================================================
|  predict_state_reg  | Flip-flop |   3   |  Y  | N  | Y  | N  | N  | N  | N  |
|      state_reg      | Flip-flop |   2   |  Y  | N  | Y  | N  | N  | N  | N  |
|    input_cnt_reg    | Flip-flop |   2   |  Y  | N  | Y  | N  | N  | N  | N  |
===============================================================================

Inferred memory devices in process
        in routine CC line 192 in file
                '../01_RTL/CC.v'.
===============================================================================
|    Register Name    |   Type    | Width | Bus | MB | AR | AS | SR | SS | ST |
===============================================================================
|        y_reg        | Flip-flop |  32   |  Y  | N  | Y  | N  | N  | N  | N  |
|    mode_reg_reg     | Flip-flop |   2   |  Y  | N  | Y  | N  | N  | N  | N  |
|        x_reg        | Flip-flop |  32   |  Y  | N  | Y  | N  | N  | N  | N  |
===============================================================================

Inferred memory devices in process
        in routine CC line 698 in file
                '../01_RTL/CC.v'.
===============================================================================
|    Register Name    |   Type    | Width | Bus | MB | AR | AS | SR | SS | ST |
===============================================================================
|   right_slope_reg   | Flip-flop |   9   |  Y  | N  | Y  | N  | N  | N  | N  |
|   left_slope_reg    | Flip-flop |   9   |  Y  | N  | Y  | N  | N  | N  | N  |
===============================================================================

Inferred memory devices in process
        in routine CC line 723 in file
                '../01_RTL/CC.v'.
===============================================================================
|    Register Name    |   Type    | Width | Bus | MB | AR | AS | SR | SS | ST |
===============================================================================
|  horizon_point_reg  | Flip-flop |   8   |  Y  | N  | Y  | N  | N  | N  | N  |
| vertical_point_reg  | Flip-flop |   8   |  Y  | N  | Y  | N  | N  | N  | N  |
|   left_point_reg    | Flip-flop |  16   |  Y  | N  | Y  | N  | N  | N  | N  |
|   right_point_reg   | Flip-flop |  16   |  Y  | N  | Y  | N  | N  | N  | N  |
===============================================================================

Inferred memory devices in process
        in routine CC line 742 in file
                '../01_RTL/CC.v'.
===============================================================================
|    Register Name    |   Type    | Width | Bus | MB | AR | AS | SR | SS | ST |
===============================================================================
|       sum_reg       | Flip-flop |  26   |  Y  | N  | Y  | N  | N  | N  | N  |
===============================================================================

Inferred memory devices in process
        in routine CC line 753 in file
                '../01_RTL/CC.v'.
===============================================================================
|    Register Name    |   Type    | Width | Bus | MB | AR | AS | SR | SS | ST |
===============================================================================
|    out_valid_reg    | Flip-flop |   1   |  N  | N  | Y  | N  | N  | N  | N  |
|       xo_reg        | Flip-flop |   8   |  Y  | N  | Y  | N  | N  | N  | N  |
|       yo_reg        | Flip-flop |   8   |  Y  | N  | Y  | N  | N  | N  | N  |
===============================================================================
Presto compilation completed successfully. (CC)
Elaborated 1 design.
Current design is now 'CC'.
1
# (B-2) read_sverilog
#read_sverilog $DESIGN\.v
# (B-3) set current design
current_design $DESIGN
Current design is 'CC'.
{CC}
link

  Linking design 'CC'
  Using the following designs and libraries:
  --------------------------------------------------------------------------
  CC                          /RAID2/COURSE/iclab/iclab059/Lab02/Exercise/02_SYN/CC.db
  slow (library)              /RAID2/COURSE/BackUp/2023_Spring/iclab/iclabta01/umc018/Synthesis/slow.db
  dw_foundation.sldb (library) /usr/cad/synopsys/synthesis/cur/libraries/syn/dw_foundation.sldb

1
#======================================================
#  (C) Global Setting
#======================================================
#set_wire_load_mode top
#set_operating_conditions -max WCCOM -min BCCOM
#set_wire_load_model -name umc18_wl10 -library slow
#======================================================
#  (D) Set Design Constraints
#======================================================
# (D-1) Setting Clock Constraints
create_clock -name clk -period $CYCLE [get_ports clk] 
1
set_dont_touch_network             [get_clocks clk]
1
set_fix_hold                       [get_clocks clk]
1
set_clock_uncertainty       0.1    [get_clocks clk]
1
# set_clock_latency   -source 0      [get_clocks clk]
# set_clock_latency           1      [get_clocks clk] 
set_input_transition        0.5    [all_inputs] 
1
set_clock_transition        0.1    [all_clocks] 
1
# (D-2) Setting in/out Constraints
set_input_delay   -max  $INPUT_DLY  -clock clk   [all_inputs] ;  # set_up time check 
1
set_input_delay   -min  0           -clock clk   [all_inputs] ;  # hold   time check 
1
set_output_delay  -max  $OUTPUT_DLY -clock clk   [all_outputs] ; # set_up time check 
1
set_output_delay  -min  0           -clock clk   [all_outputs] ; # hold   time check 
1
set_input_delay 0 -clock clk clk
1
set_input_delay 0 -clock clk rst_n
1
#set_max_delay $CYCLE -from [all_inputs] -to [all_outputs]
# (D-3) Setting Design Environment
# set_driving_cell -library umc18io3v5v_slow -lib_cell P2C    -pin {Y}  [get_ports clk]
# set_driving_cell -library umc18io3v5v_slow -lib_cell P2C    -pin {Y}  [remove_from_collection [all_inputs] [get_ports clk]]
# set_load  [load_of "umc18io3v5v_slow/P8C/A"]       [all_outputs] ; # ~= 0.038
set_load 0.05 [all_outputs]
1
# (D-4) Setting DRC Constraint
#set_max_delay           0     ; # Optimize delay max effort                 
#set_max_area            0      ; # Optimize area max effort           
set_max_transition      3       [all_inputs]   ; # U18 LUT Max Transition Value  
1
set_max_capacitance     0.15    [all_inputs]   ; # U18 LUT Max Capacitance Value
1
set_max_fanout          10      [all_inputs]
1
# set_dont_use slow/JKFF*
#set_dont_touch [get_cells core_reg_macro]
#set hdlin_ff_always_sync_set_reset true
# (D-5) Report Clock skew
report_clock -skew clk
Information: Checking out the license 'DesignWare'. (SEC-104)
  Allocating blocks in 'DW_div_tc_a_width9_b_width9'
  Allocating blocks in 'DW_div_a_width9_b_width9_tc_mode1_rem_mode1'
  Allocating blocks in 'DW01_absval_width9'
Warning: Design 'DW_div_tc_a_width9_b_width9' inherited license information from design 'DW_div_a_width9_b_width9_tc_mode1_rem_mode1'. (DDB-74)
Information: Updating design information... (UID-85)
Warning: Design 'CC' contains 1 high-fanout nets. A fanout number of 1000 will be used for delay calculations involving these nets. (TIM-134)
 
****************************************
Report : clock_skew
Design : CC
Version: T-2022.03
Date   : Mon Oct  2 11:12:44 2023
****************************************

                 Rise      Fall  Min Rise  Min fall        Uncertainty
Object          Delay     Delay     Delay     Delay     Plus      Minus
--------------------------------------------------------------------------------
clk                 -         -         -         -      0.10      0.10

                 Max Transition      Min Transition
Object           Rise      Fall      Rise      Fall
-------------------------------------------------------
clk              0.10      0.10      0.10      0.10
1
check_timing

Information: Checking generated_clocks...

Information: Checking loops...

Information: Checking no_input_delay...

Information: Checking unconstrained_endpoints...

Information: Checking pulse_clock_cell_type...

Information: Checking no_driving_cell...

Information: Checking partial_input_delay...
1
#======================================================
#  (E) Optimization
#======================================================
check_design > Report/$DESIGN\.check
set_fix_multiple_port_nets -all -buffer_constants [get_designs *]
1
set_fix_hold [all_clocks]
1
compile_ultra
Information: Performing power optimization. (PWR-850)
Alib files are up-to-date.
Information: Running optimization using a maximum of 4 cores. (OPT-1500)
Information: Evaluating DesignWare library utilization. (UISN-27)

============================================================================
| DesignWare Building Block Library  |         Version         | Available |
============================================================================
| Basic DW Building Blocks           | S-2021.06-DWBB_202106.0 |     *     |
| Licensed DW Building Blocks        | S-2021.06-DWBB_202106.0 |     *     |
============================================================================

====================================================================================================
| Flow Information                                                                                 |
----------------------------------------------------------------------------------------------------
| Flow         | Design Compiler NXT WLM                                                           |
| Comand line  | compile_ultra                                                                     |
====================================================================================================
| Design Information                                      | Value                                  |
====================================================================================================
| Number of Scenarios                                     | 0                                      |
| Leaf Cell Count                                         | 521                                    |
| Number of User Hierarchies                              | 0                                      |
| Sequential Cell Count                                   | 182                                    |
| Macro Count                                             | 0                                      |
| Number of Power Domains                                 | 0                                      |
| Number of Path Groups                                   | 2                                      |
| Number of VT class                                      | 0                                      |
| Number of Clocks                                        | 1                                      |
| Number of Dont Touch cells                              | 178                                    |
| Number of Dont Touch nets                               | 1                                      |
| Number of size only cells                               | 0                                      |
| Design with UPF Data                                    | false                                  |
----------------------------------------------------------------------------------------------------
| Variables                                               | Value                                  |
----------------------------------------------------------------------------------------------------
| set_fix_multiple_port_nets                              | -all -buffer_constants                 |
====================================================================================================
Information: Sequential output inversion is enabled.  SVF file must be used for formal verification. (OPT-1208)

Information: There are 20 potential problems in your design. Please run 'check_design' for more information. (LINT-99)

  Simplifying Design 'CC'

Loaded alib file './alib-52/slow.db.alib'
  Building model 'DW01_NAND2'
Information: Ungrouping 0 of 1 hierarchies before Pass 1 (OPT-775)
Information: State dependent leakage is now switched from on to off.

  Beginning Pass 1 Mapping
  ------------------------
  Processing 'CC'
Information: Added key list 'DesignWare' to design 'CC'. (DDB-72)
Information: The register 'predict_state_reg[2]' is a constant and will be removed. (OPT-1206)
 Implement Synthetic for 'CC'.
  Processing 'CC_DW_div_tc_J1_0'
  Processing 'CC_DW01_absval_J1_0'
  Processing 'CC_DW01_inc_J1_0'

  Updating timing information
Information: Updating design information... (UID-85)
Information: The library cell 'HOLDX1' in the library 'slow' is not characterized for internal power. (PWR-536)
Information: The target library(s) contains cell(s), other than black boxes, that are not characterized for internal power. (PWR-24)

  Beginning Mapping Optimizations  (Ultra High effort)
  -------------------------------
  Mapping Optimization (Phase 1)
  Mapping Optimization (Phase 2)

                                  TOTAL                                                            
   ELAPSED            WORST NEG   SETUP    DESIGN                              LEAKAGE   MIN DELAY 
    TIME      AREA      SLACK     COST    RULE COST         ENDPOINT            POWER      COST    
  --------- --------- --------- --------- --------- ------------------------- --------- -----------
    0:00:16  185885.9      0.00       0.0       0.0                           28673106.0000      0.00  
    0:00:17  185613.1      0.08       0.1       0.0                           28636832.0000      0.00  

  Beginning Constant Register Removal
  -----------------------------------
    0:00:17  185613.1      0.08       0.1       0.0                           28636832.0000      0.00  
    0:00:17  185613.1      0.08       0.1       0.0                           28636832.0000      0.00  

  Beginning Global Optimizations
  ------------------------------
  Numerical Synthesis (Phase 1)
  Numerical Synthesis (Phase 2)
  Global Optimization (Phase 1)
  Global Optimization (Phase 2)
  Global Optimization (Phase 3)
  Global Optimization (Phase 4)
  Global Optimization (Phase 5)
  Global Optimization (Phase 6)
  Global Optimization (Phase 7)
  Global Optimization (Phase 8)
  Global Optimization (Phase 9)
  Global Optimization (Phase 10)
  Global Optimization (Phase 11)
  Global Optimization (Phase 12)
  Global Optimization (Phase 13)
  Global Optimization (Phase 14)
  Global Optimization (Phase 15)
  Global Optimization (Phase 16)
  Global Optimization (Phase 17)
  Global Optimization (Phase 18)
  Global Optimization (Phase 19)
  Global Optimization (Phase 20)
  Global Optimization (Phase 21)
  Global Optimization (Phase 22)
  Global Optimization (Phase 23)
  Global Optimization (Phase 24)
  Global Optimization (Phase 25)
  Global Optimization (Phase 26)
  Global Optimization (Phase 27)
  Global Optimization (Phase 28)
  Global Optimization (Phase 29)
  Global Optimization (Phase 30)
  Global Optimization (Phase 31)
  Mapping 'CC_DP_OP_204J1_123_7099_3'
  Mapping 'CC_DW_mult_tc_0'

  Beginning Isolate Ports
  -----------------------

  Beginning Delay Optimization
  ----------------------------
    0:00:18  107419.4      1.16      22.9       0.0                           11682139.0000      0.00  
    0:00:19  108690.1      0.00       0.0       0.0                           11957176.0000      0.00  
    0:00:19  108690.1      0.00       0.0       0.0                           11957176.0000      0.00  
    0:00:20  108683.5      0.00       0.0       0.0                           11956012.0000      0.00  
    0:00:20  106824.0      0.00       0.0       0.0                           11755273.0000      0.00  
    0:00:20  106787.4      0.03       0.0       0.0                           11756549.0000      0.00  

  Beginning WLM Backend Optimization
  --------------------------------------
    0:00:22  105779.5      0.02       0.0       0.0                           11550463.0000      0.00  
    0:00:22  105709.7      0.00       0.0       0.0                           11538978.0000      0.00  
    0:00:22  105709.7      0.00       0.0       0.0                           11538978.0000      0.00  
    0:00:22  105330.5      0.00       0.0       0.0                           11347063.0000      0.00  
    0:00:22  105330.5      0.00       0.0       0.0                           11347063.0000      0.00  
    0:00:22  105330.5      0.00       0.0       0.0                           11347063.0000      0.00  
    0:00:22  105330.5      0.00       0.0       0.0                           11347063.0000      0.00  
    0:00:22  105330.5      0.00       0.0       0.0                           11347063.0000      0.00  
    0:00:22  105330.5      0.00       0.0       0.0                           11347063.0000      0.00  
    0:00:22  105330.5      0.00       0.0       0.0                           11347063.0000      0.00  
    0:00:22  105330.5      0.00       0.0       0.0                           11347063.0000      0.00  
    0:00:22  105330.5      0.00       0.0       0.0                           11347063.0000      0.00  
    0:00:22  105330.5      0.00       0.0       0.0                           11347063.0000      0.00  
    0:00:22  105330.5      0.00       0.0       0.0                           11347063.0000      0.00  
    0:00:22  105330.5      0.00       0.0       0.0                           11347063.0000      0.00  
    0:00:22  105330.5      0.00       0.0       0.0                           11347063.0000      0.00  
    0:00:22  105330.5      0.00       0.0       0.0                           11347063.0000      0.00  
    0:00:22  105330.5      0.00       0.0       0.0                           11347063.0000      0.00  
    0:00:22  105330.5      0.00       0.0       0.0                           11347063.0000      0.00  
    0:00:22  105330.5      0.00       0.0       0.0                           11347063.0000      0.00  
    0:00:22  105330.5      0.00       0.0       0.0                           11347063.0000      0.00  
    0:00:22  105330.5      0.00       0.0       0.0                           11347063.0000      0.00  
    0:00:22  105330.5      0.00       0.0       0.0                           11347063.0000      0.00  
    0:00:22  105330.5      0.00       0.0       0.0                           11347063.0000      0.00  


  Beginning Leakage Power Optimization  (max_leakage_power 0)
  ------------------------------------

                                  TOTAL                                                            
   ELAPSED            WORST NEG   SETUP    DESIGN                              LEAKAGE   MIN DELAY 
    TIME      AREA      SLACK     COST    RULE COST         ENDPOINT            POWER      COST    
  --------- --------- --------- --------- --------- ------------------------- --------- -----------
    0:00:22  105330.5      0.00       0.0       0.0                           11347063.0000      0.00  
  Global Optimization (Phase 32)
  Global Optimization (Phase 33)
  Global Optimization (Phase 34)
  Global Optimization (Phase 35)
  Global Optimization (Phase 36)
  Global Optimization (Phase 37)
  Global Optimization (Phase 38)
  Global Optimization (Phase 39)
  Global Optimization (Phase 40)
  Global Optimization (Phase 41)
  Global Optimization (Phase 42)
  Global Optimization (Phase 43)
  Global Optimization (Phase 44)
  Global Optimization (Phase 45)
  Global Optimization (Phase 46)
    0:00:24  102795.7      0.00       0.0       0.0                           10456939.0000      0.00  
    0:00:24  102795.7      0.00       0.0       0.0                           10456939.0000      0.00  
    0:00:24  102795.7      0.00       0.0       0.0                           10456939.0000      0.00  
    0:00:24  102686.0      0.00       0.0       0.0                           10452299.0000      0.00  
    0:00:24  102686.0      0.00       0.0       0.0                           10452299.0000      0.00  
    0:00:24  102686.0      0.00       0.0       0.0                           10452299.0000      0.00  
    0:00:24  102686.0      0.00       0.0       0.0                           10452299.0000      0.00  
    0:00:24  102686.0      0.00       0.0       0.0                           10452299.0000      0.00  
    0:00:24  102686.0      0.00       0.0       0.0                           10452299.0000      0.00  
    0:00:24  102686.0      0.00       0.0       0.0                           10452299.0000      0.00  
    0:00:24  102686.0      0.00       0.0       0.0                           10452299.0000      0.00  
    0:00:24  102686.0      0.00       0.0       0.0                           10452299.0000      0.00  
    0:00:24  102686.0      0.00       0.0       0.0                           10452299.0000      0.00  
    0:00:24  102686.0      0.00       0.0       0.0                           10452299.0000      0.00  
    0:00:24  102686.0      0.00       0.0       0.0                           10452299.0000      0.00  
    0:00:24  102686.0      0.00       0.0       0.0                           10452299.0000      0.00  
    0:00:24  102686.0      0.00       0.0       0.0                           10452299.0000      0.00  
    0:00:24  102686.0      0.00       0.0       0.0                           10452299.0000      0.00  
    0:00:24  102686.0      0.00       0.0       0.0                           10452299.0000      0.00  
    0:00:24  102686.0      0.00       0.0       0.0                           10452299.0000      0.00  
    0:00:24  102686.0      0.00       0.0       0.0                           10452299.0000      0.00  
    0:00:24  102686.0      0.00       0.0       0.0                           10452299.0000      0.00  

                                  TOTAL                                                            
   ELAPSED            WORST NEG   SETUP    DESIGN                              LEAKAGE   MIN DELAY 
    TIME      AREA      SLACK     COST    RULE COST         ENDPOINT            POWER      COST    
  --------- --------- --------- --------- --------- ------------------------- --------- -----------
    0:00:24  102686.0      0.00       0.0       0.0                           10452299.0000      0.00  
    0:00:25   99658.9      0.00       0.0       0.0                           10194111.0000      0.00  
    0:00:25   99658.9      0.00       0.0       0.0                           10194111.0000      0.00  
    0:00:25   99658.9      0.00       0.0       0.0                           10194111.0000      0.00  
    0:00:25   99639.0      0.00       0.0       0.0                           10190597.0000      0.00  
    0:00:25   99562.5      0.00       0.0       0.0                           10109447.0000      0.00  
    0:00:25   99562.5      0.00       0.0       0.0                           10109447.0000      0.00  
    0:00:25   99562.5      0.00       0.0       0.0                           10109447.0000      0.00  
    0:00:25   99562.5      0.00       0.0       0.0                           10109447.0000      0.00  
    0:00:25   99562.5      0.00       0.0       0.0                           10109447.0000      0.00  
    0:00:25   99562.5      0.00       0.0       0.0                           10109447.0000      0.00  
    0:00:26   98411.5      0.00       0.0       0.0                           9906657.0000      0.00  
Loading db file '/RAID2/COURSE/BackUp/2023_Spring/iclab/iclabta01/umc018/Synthesis/slow.db'


Note: Symbol # after min delay cost means estimated hold TNS across all active scenarios 


  Optimization Complete
  ---------------------
Information: State dependent leakage is now switched from off to on.
Information: Propagating switching activity (low effort zero delay simulation). (PWR-6)
1
#uniquify
#compile
#======================================================
#  (F) Output Reports 
#======================================================
report_design  >  Report/$DESIGN\.design
report_resource >  Report/$DESIGN\.resource
report_timing -max_paths 3 >  Report/$DESIGN\.timing
report_area >  Report/$DESIGN\.area
report_power > Report/$DESIGN\.power
report_clock > Report/$DESIGN\.clock
report_port >  Report/$DESIGN\.port
report_power >  Report/$DESIGN\.power
#report_reference > Report/$DESIGN\.reference
#======================================================
#  (G) Change Naming Rule
#======================================================
set bus_inference_style "%s\[%d\]"
%s[%d]
set bus_naming_style "%s\[%d\]"
%s[%d]
set hdlout_internal_busses true
true
change_names -hierarchy -rule verilog
1
define_name_rules name_rule -allowed "a-z A-Z 0-9 _" -max_length 255 -type cell
1
define_name_rules name_rule -allowed "a-z A-Z 0-9 _[]" -max_length 255 -type net
1
define_name_rules name_rule -map {{"\\*cell\\*" "cell"}}
1
define_name_rules name_rule -case_insensitive
1
change_names -hierarchy -rules name_rule
1
#======================================================
#  (H) Output Results
#======================================================
set verilogout_higher_designs_first true
true
write -format verilog -output Netlist/$DESIGN\_SYN.v -hierarchy
Writing verilog file '/RAID2/COURSE/iclab/iclab059/Lab02/Exercise/02_SYN/Netlist/CC_SYN.v'.
1
write -format ddc     -hierarchy -output $DESIGN\_SYN.ddc
Writing ddc file 'CC_SYN.ddc'.
1
write_sdf -version 3.0 -context verilog -load_delay cell Netlist/$DESIGN\_SYN.sdf -significant_digits 6
Information: Writing timing information to file '/RAID2/COURSE/iclab/iclab059/Lab02/Exercise/02_SYN/Netlist/CC_SYN.sdf'. (WT-3)
1
write_sdc Netlist/$DESIGN\_SYN.sdc
1
#======================================================
#  (I) Finish and Quit
#======================================================
report_area -designware -hierarchy
 
****************************************
Report : area
Design : CC
Version: T-2022.03
Date   : Mon Oct  2 11:13:14 2023
****************************************

Library(s) Used:

    slow (File: /RAID2/COURSE/BackUp/2023_Spring/iclab/iclabta01/umc018/Synthesis/slow.db)

Number of ports:                           38
Number of nets:                          4369
Number of cells:                         4049
Number of combinational cells:           3867
Number of sequential cells:               181
Number of macros/black boxes:               0
Number of buf/inv:                        639
Number of references:                     116

Combinational area:              84986.194191
Buf/Inv area:                     6602.904225
Noncombinational area:           13425.350418
Macro/Black Box area:                0.000000
Net Interconnect area:      undefined  (No wire load specified)

Total cell area:                 98411.544609
Total area:                 undefined

Hierarchical area distribution
------------------------------

                                  Global cell area            Local cell area
                                  -------------------  ------------------------------ 
Hierarchical cell                 Absolute    Percent  Combi-      Noncombi-   Black-
                                  Total       Total    national    national    boxes   Design
--------------------------------  ----------  -------  ----------  ----------  ------  ---------
CC                                98411.5446    100.0  84986.1942  13425.3504  0.0000  CC
--------------------------------  ----------  -------  ----------  ----------  ------  ---------
Total                                                  84986.1942  13425.3504  0.0000


Area of detected synthetic parts
--------------------------------
  No DW parts to report!

Estimated area of ungrouped synthetic parts
-------------------------------------------
                                        Estimated  Perc. of
  Module               Implem.  Count        Area cell area
  -------------------- -------  ----- ----------- ---------
  DP_OP_193_134_4384       str      1   3119.7270      3.2%
  DP_OP_201J1_127_882      str      1    505.7370      0.5%
  DP_OP_203J1_122_9862     str      1   1175.9908      1.2%
  DP_OP_204J1_123_7099     str      1  29893.3228     30.4%
  DP_OP_205J1_124_9544     str      1   3452.7727      3.5%
  DP_OP_206J1_130_9408     str      1    505.7370      0.5%
  DW01_add             apparch      1    306.0288      0.3%
  DW01_inc             apparch      2    273.4301      0.3%
  DW01_sub             apparch      3   1393.7618      1.4%
  DW01_sub              pparch     10   9674.7250      9.8%
  DW_cmp               apparch      6    963.9908      1.0%
  DW_cmp                pparch      1   2140.1840      2.2%
  DW_div_tc               cla2      1   4798.2383      4.9%
  DW_mult_tc            pparch      1  14032.6738     14.3%
  -------------------- -------  ----- ----------- ---------
  DP_OP Subtotal:                   6  38653.2874     39.3%
  Total:                           31  72236.3200     73.4%

Subtotal of datapath(DP_OP) cell area:  38653.2874  39.3%  (estimated)
Total synthetic cell area:              72236.3200  73.4%  (estimated)

1
report_timing 
 
****************************************
Report : timing
        -path full
        -delay max
        -max_paths 1
Design : CC
Version: T-2022.03
Date   : Mon Oct  2 11:13:14 2023
****************************************

Operating Conditions: slow   Library: slow
Wire Load Model Mode: top

  Startpoint: y_reg_2__3_
              (rising edge-triggered flip-flop clocked by clk)
  Endpoint: yo_reg_1_ (rising edge-triggered flip-flop clocked by clk)
  Path Group: clk
  Path Type: max

  Point                                    Incr       Path
  -----------------------------------------------------------
  clock clk (rise edge)                    0.00       0.00
  clock network delay (ideal)              0.00       0.00
  y_reg_2__3_/CK (DFFRHQX1)                0.00       0.00 r
  y_reg_2__3_/Q (DFFRHQX1)                 0.65       0.65 r
  U1609/Y (NOR2X1)                         0.16       0.81 f
  U1154/Y (NOR2XL)                         0.18       0.99 r
  U3278/Y (AOI21X1)                        0.16       1.15 f
  U3280/Y (OAI21XL)                        0.23       1.39 r
  U1313/Y (XNOR2X1)                        0.38       1.77 r
  U2030/Y (INVXL)                          0.07       1.84 f
  U1292/Y (NAND2X1)                        0.11       1.95 r
  U1287/Y (NAND2X1)                        0.09       2.04 f
  U3430/Y (AOI21XL)                        0.15       2.19 r
  U3441/Y (NAND4BX2)                       0.27       2.46 r
  U2984/Y (XOR2XL)                         0.38       2.84 r
  U1145/Y (NAND2X1)                        0.24       3.08 f
  U3616/Y (OAI22XL)                        0.22       3.30 r
  U3626/S (ADDFHX1)                        0.53       3.82 r
  U3657/S (ADDFHX1)                        0.53       4.35 r
  U1448/S (ADDFHX2)                        0.47       4.82 f
  U1886/CO (ADDFHX2)                       0.32       5.15 f
  U4060/S (ADDFHX1)                        0.43       5.58 r
  U1859/CO (ADDFHX2)                       0.47       6.05 r
  U4070/Y (OAI21X1)                        0.09       6.14 f
  U1840/Y (NAND2X1)                        0.13       6.27 r
  U4071/Y (OAI21X1)                        0.12       6.39 f
  U2652/Y (NAND2X2)                        0.15       6.54 r
  U4073/Y (XOR3X2)                         0.30       6.84 r
  U1053/Y (NAND2X1)                        0.12       6.96 f
  U1820/Y (OAI2BB1X2)                      0.23       7.19 r
  U4111/Y (XNOR2X1)                        0.29       7.49 f
  U2194/Y (OAI22X1)                        0.16       7.65 r
  U1034/S (ADDHXL)                         0.34       7.98 r
  U1396/S (ADDFHX1)                        0.52       8.50 f
  U1764/CO (ADDFHX2)                       0.24       8.74 f
  U2184/CO (ADDFHX1)                       0.52       9.26 f
  U1023/S (ADDFHX1)                        0.44       9.70 f
  U4196/Y (NOR2X2)                         0.14       9.83 r
  U2805/Y (OAI21X1)                        0.14       9.97 f
  U4282/Y (AOI21X2)                        0.20      10.17 r
  U4371/Y (INVX2)                          0.10      10.27 f
  U1008/Y (AOI21X1)                        0.17      10.44 r
  U1350/Y (XOR2X1)                         0.35      10.79 r
  U4440/Y (NAND3BX1)                       0.14      10.93 f
  U4441/Y (OAI21XL)                        0.19      11.11 r
  U4442/Y (NOR4BX1)                        0.13      11.25 f
  U1652/Y (AND2XL)                         0.20      11.45 f
  U4480/Y (OAI2BB1X2)                      0.18      11.63 f
  yo_reg_1_/D (DFFRHQXL)                   0.00      11.63 f
  data arrival time                                  11.63

  clock clk (rise edge)                   12.00      12.00
  clock network delay (ideal)              0.00      12.00
  clock uncertainty                       -0.10      11.90
  yo_reg_1_/CK (DFFRHQXL)                  0.00      11.90 r
  library setup time                      -0.27      11.63
  data required time                                 11.63
  -----------------------------------------------------------
  data required time                                 11.63
  data arrival time                                 -11.63
  -----------------------------------------------------------
  slack (MET)                                         0.00


1
exit

Memory usage for this session 243 Mbytes.
Memory usage for this session including child processes 542 Mbytes.
CPU usage for this session 51 seconds ( 0.01 hours ).
Elapsed time for this session 37 seconds ( 0.01 hours ).

Thank you...

